2024-11-18 10:48:35,933 [INFO] Located 0 filings
2024-11-18 10:49:57,852 [INFO] Located 37 filings
2024-11-18 10:51:51,985 [INFO] Downloaded sec_filings\fhlbny_8k.htm
2024-11-18 10:51:52,256 [INFO] Downloaded sec_filings\ktcc-20240506.htm
2024-11-18 10:51:52,973 [INFO] Downloaded sec_filings\hzo-20240310.htm
2024-11-18 10:51:53,141 [INFO] Downloaded sec_filings\faf-20231220.htm
2024-11-18 10:51:53,305 [INFO] Downloaded sec_filings\unh-20240221.htm
2024-11-18 10:51:53,660 [INFO] Downloaded sec_filings\d784189d8k.htm
2024-11-18 10:51:53,845 [INFO] Downloaded sec_filings\unh-20240221.htm
2024-11-18 10:51:54,059 [INFO] Downloaded sec_filings\faf-20231220.htm
2024-11-18 10:51:54,318 [INFO] Downloaded sec_filings\tm247267d1_8k.htm
2024-11-18 10:51:54,489 [INFO] Downloaded sec_filings\d708866d8k.htm
2024-11-18 10:51:54,634 [INFO] Downloaded sec_filings\d770643d8k.htm
2024-11-18 10:51:54,929 [INFO] Downloaded sec_filings\mmat-20240725.htm
2024-11-18 10:51:55,056 [INFO] Downloaded sec_filings\hpe-20240119.htm
2024-11-18 10:51:55,237 [INFO] Downloaded sec_filings\hzo-20240310.htm
2024-11-18 10:51:55,550 [INFO] Downloaded sec_filings\unh-20240221.htm
2024-11-18 10:51:55,872 [INFO] Downloaded sec_filings\sah-20240705.htm
2024-11-18 10:51:56,207 [INFO] Downloaded sec_filings\d766318d8ka.htm
2024-11-18 10:51:56,653 [INFO] Downloaded sec_filings\faf-20231220.htm
2024-11-18 10:51:56,907 [INFO] Downloaded sec_filings\rlgt-20240319.htm
2024-11-18 10:51:57,022 [INFO] Downloaded sec_filings\d808756d8ka.htm
2024-11-18 10:51:57,248 [INFO] Downloaded sec_filings\ktcc-20240506.htm
2024-11-18 10:51:57,502 [INFO] Downloaded sec_filings\ktcc-20240506.htm
2024-11-18 10:51:57,906 [INFO] Downloaded sec_filings\d825009d8k.htm
2024-11-18 10:51:58,025 [INFO] Downloaded sec_filings\sah-20240705.htm
2024-11-18 10:51:58,520 [INFO] Downloaded sec_filings\tm2420501d1_8ka.htm
2024-11-18 10:51:58,695 [INFO] Downloaded sec_filings\ssb-20240206x8ka.htm
2024-11-18 10:51:59,035 [INFO] Downloaded sec_filings\d659095d8k.htm
2024-11-18 10:51:59,219 [INFO] Downloaded sec_filings\bset20240715_8k.htm
2024-11-18 10:51:59,419 [INFO] Downloaded sec_filings\ea0203500-8k_briley.htm
2024-11-18 10:51:59,784 [INFO] Downloaded sec_filings\cwgl-20240725.htm
2024-11-18 10:52:00,030 [INFO] Downloaded sec_filings\bset20240805_8ka.htm
2024-11-18 10:52:00,153 [INFO] Downloaded sec_filings\dbx-20240429.htm
2024-11-18 10:52:00,371 [INFO] Downloaded sec_filings\d774339d8ka.htm
2024-11-18 10:52:00,702 [INFO] Downloaded sec_filings\d824906d8k.htm
2024-11-18 10:52:01,036 [INFO] Downloaded sec_filings\d641969d8ka.htm
2024-11-18 10:52:01,146 [INFO] Downloaded sec_filings\t-20240506.htm
2024-11-18 10:52:01,292 [INFO] Downloaded sec_filings\dp206600_8k.htm
2024-11-18 10:58:23,852 [INFO] Located 37 filings
2024-11-18 10:59:17,242 [INFO] Located 37 filings
2024-11-18 10:59:19,295 [INFO] Filing fhlbny_8k.htm already in sec_filings
2024-11-18 10:59:55,088 [INFO] Located 37 filings
2024-11-18 10:59:57,149 [INFO] Filing fhlbny_8k.htm already in sec_filings
2024-11-18 11:00:00,229 [INFO] Filing ktcc-20240506.htm already in sec_filings
2024-11-18 11:00:03,317 [INFO] Filing faf-20231220.htm already in sec_filings
2024-11-18 11:00:06,389 [INFO] Filing hzo-20240310.htm already in sec_filings
2024-11-18 11:00:09,458 [INFO] Filing unh-20240221.htm already in sec_filings
2024-11-18 11:00:12,538 [INFO] Filing faf-20231220.htm already in sec_filings
2024-11-18 11:00:15,613 [INFO] Filing unh-20240221.htm already in sec_filings
2024-11-18 11:00:18,688 [INFO] Filing d784189d8k.htm already in sec_filings
2024-11-18 11:00:21,771 [INFO] Filing tm247267d1_8k.htm already in sec_filings
2024-11-18 11:00:24,846 [INFO] Filing d708866d8k.htm already in sec_filings
2024-11-18 11:00:27,914 [INFO] Filing d770643d8k.htm already in sec_filings
2024-11-18 11:00:30,974 [INFO] Filing mmat-20240725.htm already in sec_filings
2024-11-18 11:00:34,044 [INFO] Filing hpe-20240119.htm already in sec_filings
2024-11-18 11:00:37,121 [INFO] Filing hzo-20240310.htm already in sec_filings
2024-11-18 11:00:40,200 [INFO] Filing unh-20240221.htm already in sec_filings
2024-11-18 11:00:43,278 [INFO] Filing sah-20240705.htm already in sec_filings
2024-11-18 11:00:46,337 [INFO] Filing d766318d8ka.htm already in sec_filings
2024-11-18 11:00:49,420 [INFO] Filing faf-20231220.htm already in sec_filings
2024-11-18 11:00:52,493 [INFO] Filing rlgt-20240319.htm already in sec_filings
2024-11-18 11:00:55,567 [INFO] Filing d808756d8ka.htm already in sec_filings
2024-11-18 11:00:58,645 [INFO] Filing ktcc-20240506.htm already in sec_filings
2024-11-18 11:01:01,714 [INFO] Filing ktcc-20240506.htm already in sec_filings
2024-11-18 11:01:04,772 [INFO] Filing d825009d8k.htm already in sec_filings
2024-11-18 11:01:07,841 [INFO] Filing sah-20240705.htm already in sec_filings
2024-11-18 11:01:10,922 [INFO] Filing tm2420501d1_8ka.htm already in sec_filings
2024-11-18 11:01:13,996 [INFO] Filing ssb-20240206x8ka.htm already in sec_filings
2024-11-18 11:01:17,071 [INFO] Filing d659095d8k.htm already in sec_filings
2024-11-18 11:01:20,144 [INFO] Filing bset20240715_8k.htm already in sec_filings
2024-11-18 11:01:23,207 [INFO] Filing ea0203500-8k_briley.htm already in sec_filings
2024-11-18 11:01:26,284 [INFO] Filing cwgl-20240725.htm already in sec_filings
2024-11-18 11:01:29,353 [INFO] Filing bset20240805_8ka.htm already in sec_filings
2024-11-18 11:01:32,441 [INFO] Filing dbx-20240429.htm already in sec_filings
2024-11-18 11:01:35,505 [INFO] Filing d774339d8ka.htm already in sec_filings
2024-11-18 11:01:38,579 [INFO] Filing d824906d8k.htm already in sec_filings
2024-11-18 11:01:41,651 [INFO] Filing d641969d8ka.htm already in sec_filings
2024-11-18 11:01:44,720 [INFO] Filing t-20240506.htm already in sec_filings
2024-11-18 11:01:47,792 [INFO] Filing dp206600_8k.htm already in sec_filings
2024-11-18 11:03:08,970 [INFO] Located 37 filings
2024-11-18 11:06:16,780 [INFO] Located 37 filings
2024-11-18 11:06:18,843 [INFO] Filing fhlbny_8k.htm already in sec_filings
2024-11-18 11:06:21,922 [INFO] Filing ktcc-20240506.htm already in sec_filings
2024-11-18 11:06:25,001 [INFO] Filing faf-20231220.htm already in sec_filings
2024-11-18 11:06:28,089 [INFO] Filing hzo-20240310.htm already in sec_filings
2024-11-18 11:06:31,163 [INFO] Filing unh-20240221.htm already in sec_filings
2024-11-18 11:06:34,251 [INFO] Filing faf-20231220.htm already in sec_filings
2024-11-18 11:06:37,328 [INFO] Filing unh-20240221.htm already in sec_filings
2024-11-18 11:06:40,420 [INFO] Filing d784189d8k.htm already in sec_filings
2024-11-18 11:06:43,496 [INFO] Filing tm247267d1_8k.htm already in sec_filings
2024-11-18 11:06:46,582 [INFO] Filing d770643d8k.htm already in sec_filings
2024-11-18 11:06:49,647 [INFO] Filing d708866d8k.htm already in sec_filings
2024-11-18 11:06:52,714 [INFO] Filing mmat-20240725.htm already in sec_filings
2024-11-18 11:06:55,795 [INFO] Filing hpe-20240119.htm already in sec_filings
2024-11-18 11:06:58,884 [INFO] Filing hzo-20240310.htm already in sec_filings
2024-11-18 11:07:01,956 [INFO] Filing unh-20240221.htm already in sec_filings
2024-11-18 11:07:05,042 [INFO] Filing sah-20240705.htm already in sec_filings
2024-11-18 11:07:08,110 [INFO] Filing d766318d8ka.htm already in sec_filings
2024-11-18 11:07:11,187 [INFO] Filing faf-20231220.htm already in sec_filings
2024-11-18 11:07:14,267 [INFO] Filing d808756d8ka.htm already in sec_filings
2024-11-18 11:07:17,328 [INFO] Filing rlgt-20240319.htm already in sec_filings
2024-11-18 11:07:20,414 [INFO] Filing ktcc-20240506.htm already in sec_filings
2024-11-18 11:07:23,492 [INFO] Filing d825009d8k.htm already in sec_filings
2024-11-18 11:07:26,575 [INFO] Filing ktcc-20240506.htm already in sec_filings
2024-11-18 11:07:29,641 [INFO] Filing sah-20240705.htm already in sec_filings
2024-11-18 11:07:32,713 [INFO] Filing tm2420501d1_8ka.htm already in sec_filings
2024-11-18 11:07:35,791 [INFO] Filing ssb-20240206x8ka.htm already in sec_filings
2024-11-18 11:07:38,873 [INFO] Filing d659095d8k.htm already in sec_filings
2024-11-18 11:07:41,949 [INFO] Filing bset20240715_8k.htm already in sec_filings
2024-11-18 11:07:45,026 [INFO] Filing cwgl-20240725.htm already in sec_filings
2024-11-18 11:07:48,099 [INFO] Filing ea0203500-8k_briley.htm already in sec_filings
2024-11-18 11:07:51,177 [INFO] Filing bset20240805_8ka.htm already in sec_filings
2024-11-18 11:07:54,256 [INFO] Filing dbx-20240429.htm already in sec_filings
2024-11-18 11:07:57,337 [INFO] Filing d774339d8ka.htm already in sec_filings
2024-11-18 11:08:00,423 [INFO] Filing d824906d8k.htm already in sec_filings
2024-11-18 11:08:03,509 [INFO] Filing d641969d8ka.htm already in sec_filings
2024-11-18 11:08:06,575 [INFO] Filing t-20240506.htm already in sec_filings
2024-11-18 11:08:09,653 [INFO] Filing dp206600_8k.htm already in sec_filings
